0 info it worked if it ends with ok
1 verbose cli [ 'C:\\Program Files\\nodejs\\\\node.exe',
1 verbose cli   'C:\\Program Files\\nodejs\\node_modules\\npm\\bin\\npm-cli.js',
1 verbose cli   'install',
1 verbose cli   'bootstrap-material-design' ]
2 info using npm@2.10.1
3 info using node@v0.12.4
4 verbose install initial load of C:\Users\ASUS\Desktop\MovieDrive\package.json
5 warn package.json MovieDrive@0.0.1 No description
6 warn package.json MovieDrive@0.0.1 No repository field.
7 warn package.json MovieDrive@0.0.1 No README data
8 warn package.json MovieDrive@0.0.1 No license field.
9 verbose installManyTop reading scoped package data from C:\Users\ASUS\Desktop\MovieDrive\node_modules\body-parser\package.json
10 verbose installManyTop reading scoped package data from C:\Users\ASUS\Desktop\MovieDrive\node_modules\ejs\package.json
11 verbose installManyTop reading scoped package data from C:\Users\ASUS\Desktop\MovieDrive\node_modules\express\package.json
12 verbose installManyTop reading scoped package data from C:\Users\ASUS\Desktop\MovieDrive\node_modules\request\package.json
13 verbose readDependencies loading dependencies from C:\Users\ASUS\Desktop\MovieDrive\package.json
14 silly cache add args [ 'bootstrap-material-design', null ]
15 verbose cache add spec bootstrap-material-design
16 silly cache add parsed spec { raw: 'bootstrap-material-design',
16 silly cache add   scope: null,
16 silly cache add   name: 'bootstrap-material-design',
16 silly cache add   rawSpec: '',
16 silly cache add   spec: '*',
16 silly cache add   type: 'range' }
17 silly addNamed bootstrap-material-design@*
18 verbose addNamed "*" is a valid semver range for bootstrap-material-design
19 silly addNameRange { name: 'bootstrap-material-design', range: '*', hasData: false }
20 silly mapToRegistry name bootstrap-material-design
21 silly mapToRegistry using default registry
22 silly mapToRegistry registry https://registry.npmjs.org/
23 silly mapToRegistry uri https://registry.npmjs.org/bootstrap-material-design
24 verbose addNameRange registry:https://registry.npmjs.org/bootstrap-material-design not in flight; fetching
25 verbose request uri https://registry.npmjs.org/bootstrap-material-design
26 verbose request no auth needed
27 info attempt registry request try #1 at 21:50:22
28 verbose request id 3f091780e7aafa2a
29 http request GET https://registry.npmjs.org/bootstrap-material-design
30 http 404 https://registry.npmjs.org/bootstrap-material-design
31 verbose headers { server: 'CouchDB/1.5.0 (Erlang OTP/R16B03)',
31 verbose headers   'content-type': 'application/json',
31 verbose headers   'cache-control': 'max-age=0',
31 verbose headers   'content-length': '51',
31 verbose headers   'accept-ranges': 'bytes',
31 verbose headers   date: 'Tue, 21 Jul 2015 13:50:23 GMT',
31 verbose headers   via: '1.1 varnish',
31 verbose headers   age: '0',
31 verbose headers   connection: 'keep-alive',
31 verbose headers   'x-served-by': 'cache-nrt6124-NRT',
31 verbose headers   'x-cache': 'MISS',
31 verbose headers   'x-cache-hits': '0',
31 verbose headers   'x-timer': 'S1437486623.123364,VS0,VE481' }
32 silly get cb [ 404,
32 silly get   { server: 'CouchDB/1.5.0 (Erlang OTP/R16B03)',
32 silly get     'content-type': 'application/json',
32 silly get     'cache-control': 'max-age=0',
32 silly get     'content-length': '51',
32 silly get     'accept-ranges': 'bytes',
32 silly get     date: 'Tue, 21 Jul 2015 13:50:23 GMT',
32 silly get     via: '1.1 varnish',
32 silly get     age: '0',
32 silly get     connection: 'keep-alive',
32 silly get     'x-served-by': 'cache-nrt6124-NRT',
32 silly get     'x-cache': 'MISS',
32 silly get     'x-cache-hits': '0',
32 silly get     'x-timer': 'S1437486623.123364,VS0,VE481' } ]
33 verbose stack Error: 404 Not Found: bootstrap-material-design
33 verbose stack     at CachingRegistryClient.<anonymous> (C:\Program Files\nodejs\node_modules\npm\node_modules\npm-registry-client\lib\request.js:245:14)
33 verbose stack     at Request._callback (C:\Program Files\nodejs\node_modules\npm\node_modules\npm-registry-client\lib\request.js:170:14)
33 verbose stack     at Request.self.callback (C:\Program Files\nodejs\node_modules\npm\node_modules\request\request.js:368:22)
33 verbose stack     at Request.emit (events.js:110:17)
33 verbose stack     at Request.<anonymous> (C:\Program Files\nodejs\node_modules\npm\node_modules\request\request.js:1219:14)
33 verbose stack     at Request.emit (events.js:129:20)
33 verbose stack     at IncomingMessage.<anonymous> (C:\Program Files\nodejs\node_modules\npm\node_modules\request\request.js:1167:12)
33 verbose stack     at IncomingMessage.emit (events.js:129:20)
33 verbose stack     at _stream_readable.js:908:16
33 verbose stack     at process._tickCallback (node.js:355:11)
34 verbose statusCode 404
35 verbose pkgid bootstrap-material-design
36 verbose cwd C:\Users\ASUS\Desktop\MovieDrive
37 error Windows_NT 6.1.7601
38 error argv "C:\\Program Files\\nodejs\\\\node.exe" "C:\\Program Files\\nodejs\\node_modules\\npm\\bin\\npm-cli.js" "install" "bootstrap-material-design"
39 error node v0.12.4
40 error npm  v2.10.1
41 error code E404
42 error 404 Not Found: bootstrap-material-design
42 error 404
42 error 404 'bootstrap-material-design' is not in the npm registry.
42 error 404 You should bug the author to publish it (or use the name yourself!)
42 error 404 It was specified as a dependency of 'MovieDrive'
42 error 404
42 error 404 Note that you can also install from a
42 error 404 tarball, folder, http url, or git url.
43 verbose exit [ 1, true ]
